[INFO] Scanning for projects...
[INFO]                                                                         
[INFO] ------------------------------------------------------------------------
[INFO] Building Maven Stub Project (No POM) 1
[INFO] ------------------------------------------------------------------------
[INFO] 
[INFO] --- maven-dependency-plugin:2.8:get (default-cli) @ standalone-pom ---
[INFO] Resolving io.cloudslang.content:cs-amazon:jar:1.0.11 with transitive dependencies
[INFO] Downloading: https://go4sapmaster.helion1.hpintelco.org:8444/oo/m2/artifacts/com/hp/score/sdk/score-content-sdk/1.10.6/score-content-sdk-1.10.6.pom
[INFO] Downloaded: https://go4sapmaster.helion1.hpintelco.org:8444/oo/m2/artifacts/com/hp/score/sdk/score-content-sdk/1.10.6/score-content-sdk-1.10.6.pom (5 KB at 61.3 KB/sec)
[INFO] Downloading: https://go4sapmaster.helion1.hpintelco.org:8444/oo/m2/artifacts/io/cloudslang/content/cs-commons/0.0.3/cs-commons-0.0.3.pom
[WARNING] Could not validate integrity of download from https://go4sapmaster.helion1.hpintelco.org:8444/oo/m2/artifacts/io/cloudslang/content/cs-commons/0.0.3/cs-commons-0.0.3.pom: Checksum validation failed, no checksums available
[WARNING] Checksum validation failed, no checksums available for https://go4sapmaster.helion1.hpintelco.org:8444/oo/m2/artifacts/io/cloudslang/content/cs-commons/0.0.3/cs-commons-0.0.3.pom
[INFO] Downloaded: https://go4sapmaster.helion1.hpintelco.org:8444/oo/m2/artifacts/io/cloudslang/content/cs-commons/0.0.3/cs-commons-0.0.3.pom (7 KB at 307.2 KB/sec)
[INFO] Downloading: https://go4sapmaster.helion1.hpintelco.org:8444/oo/m2/artifacts/org/apache/commons/commons-lang3/3.4/commons-lang3-3.4.pom
[WARNING] Could not validate integrity of download from https://go4sapmaster.helion1.hpintelco.org:8444/oo/m2/artifacts/org/apache/commons/commons-lang3/3.4/commons-lang3-3.4.pom: Checksum validation failed, no checksums available
[WARNING] Checksum validation failed, no checksums available for https://go4sapmaster.helion1.hpintelco.org:8444/oo/m2/artifacts/org/apache/commons/commons-lang3/3.4/commons-lang3-3.4.pom
[INFO] Downloaded: https://go4sapmaster.helion1.hpintelco.org:8444/oo/m2/artifacts/org/apache/commons/commons-lang3/3.4/commons-lang3-3.4.pom (22 KB at 503.8 KB/sec)
[INFO] Downloading: https://go4sapmaster.helion1.hpintelco.org:8444/oo/m2/artifacts/org/apache/commons/commons-parent/37/commons-parent-37.pom
[WARNING] Could not validate integrity of download from https://go4sapmaster.helion1.hpintelco.org:8444/oo/m2/artifacts/org/apache/commons/commons-parent/37/commons-parent-37.pom: Checksum validation failed, no checksums available
[WARNING] Checksum validation failed, no checksums available for https://go4sapmaster.helion1.hpintelco.org:8444/oo/m2/artifacts/org/apache/commons/commons-parent/37/commons-parent-37.pom
[INFO] Downloaded: https://go4sapmaster.helion1.hpintelco.org:8444/oo/m2/artifacts/org/apache/commons/commons-parent/37/commons-parent-37.pom (62 KB at 1043.5 KB/sec)
[INFO] Downloading: https://go4sapmaster.helion1.hpintelco.org:8444/oo/m2/artifacts/org/apache/apache/16/apache-16.pom
[WARNING] Could not validate integrity of download from https://go4sapmaster.helion1.hpintelco.org:8444/oo/m2/artifacts/org/apache/apache/16/apache-16.pom: Checksum validation failed, no checksums available
[WARNING] Checksum validation failed, no checksums available for https://go4sapmaster.helion1.hpintelco.org:8444/oo/m2/artifacts/org/apache/apache/16/apache-16.pom
[INFO] Downloaded: https://go4sapmaster.helion1.hpintelco.org:8444/oo/m2/artifacts/org/apache/apache/16/apache-16.pom (16 KB at 395.7 KB/sec)
[INFO] Downloading: https://go4sapmaster.helion1.hpintelco.org:8444/oo/m2/artifacts/org/jetbrains/annotations/15.0/annotations-15.0.pom
[WARNING] Could not validate integrity of download from https://go4sapmaster.helion1.hpintelco.org:8444/oo/m2/artifacts/org/jetbrains/annotations/15.0/annotations-15.0.pom: Checksum validation failed, no checksums available
[WARNING] Checksum validation failed, no checksums available for https://go4sapmaster.helion1.hpintelco.org:8444/oo/m2/artifacts/org/jetbrains/annotations/15.0/annotations-15.0.pom
[INFO] Downloaded: https://go4sapmaster.helion1.hpintelco.org:8444/oo/m2/artifacts/org/jetbrains/annotations/15.0/annotations-15.0.pom (6 KB at 315.3 KB/sec)
[INFO] Downloading: https://go4sapmaster.helion1.hpintelco.org:8444/oo/m2/artifacts/io/cloudslang/content/cs-http-client/0.1.68/cs-http-client-0.1.68.pom
[WARNING] Could not validate integrity of download from https://go4sapmaster.helion1.hpintelco.org:8444/oo/m2/artifacts/io/cloudslang/content/cs-http-client/0.1.68/cs-http-client-0.1.68.pom: Checksum validation failed, no checksums available
[WARNING] Checksum validation failed, no checksums available for https://go4sapmaster.helion1.hpintelco.org:8444/oo/m2/artifacts/io/cloudslang/content/cs-http-client/0.1.68/cs-http-client-0.1.68.pom
[INFO] Downloaded: https://go4sapmaster.helion1.hpintelco.org:8444/oo/m2/artifacts/io/cloudslang/content/cs-http-client/0.1.68/cs-http-client-0.1.68.pom (10 KB at 346.0 KB/sec)
[INFO] Downloading: https://go4sapmaster.helion1.hpintelco.org:8444/oo/m2/artifacts/org/apache/httpcomponents/httpclient/4.3.6/httpclient-4.3.6.pom
[WARNING] Could not validate integrity of download from https://go4sapmaster.helion1.hpintelco.org:8444/oo/m2/artifacts/org/apache/httpcomponents/httpclient/4.3.6/httpclient-4.3.6.pom: Checksum validation failed, no checksums available
[WARNING] Checksum validation failed, no checksums available for https://go4sapmaster.helion1.hpintelco.org:8444/oo/m2/artifacts/org/apache/httpcomponents/httpclient/4.3.6/httpclient-4.3.6.pom
[INFO] Downloaded: https://go4sapmaster.helion1.hpintelco.org:8444/oo/m2/artifacts/org/apache/httpcomponents/httpclient/4.3.6/httpclient-4.3.6.pom (6 KB at 282.6 KB/sec)
[INFO] Downloading: https://go4sapmaster.helion1.hpintelco.org:8444/oo/m2/artifacts/org/apache/httpcomponents/httpcomponents-client/4.3.6/httpcomponents-client-4.3.6.pom
[WARNING] Could not validate integrity of download from https://go4sapmaster.helion1.hpintelco.org:8444/oo/m2/artifacts/org/apache/httpcomponents/httpcomponents-client/4.3.6/httpcomponents-client-4.3.6.pom: Checksum validation failed, no checksums available
[WARNING] Checksum validation failed, no checksums available for https://go4sapmaster.helion1.hpintelco.org:8444/oo/m2/artifacts/org/apache/httpcomponents/httpcomponents-client/4.3.6/httpcomponents-client-4.3.6.pom
[INFO] Downloaded: https://go4sapmaster.helion1.hpintelco.org:8444/oo/m2/artifacts/org/apache/httpcomponents/httpcomponents-client/4.3.6/httpcomponents-client-4.3.6.pom (16 KB at 677.1 KB/sec)
[INFO] Downloading: https://go4sapmaster.helion1.hpintelco.org:8444/oo/m2/artifacts/org/apache/httpcomponents/project/7/project-7.pom
[WARNING] Could not validate integrity of download from https://go4sapmaster.helion1.hpintelco.org:8444/oo/m2/artifacts/org/apache/httpcomponents/project/7/project-7.pom: Checksum validation failed, no checksums available
[WARNING] Checksum validation failed, no checksums available for https://go4sapmaster.helion1.hpintelco.org:8444/oo/m2/artifacts/org/apache/httpcomponents/project/7/project-7.pom
[INFO] Downloaded: https://go4sapmaster.helion1.hpintelco.org:8444/oo/m2/artifacts/org/apache/httpcomponents/project/7/project-7.pom (27 KB at 682.2 KB/sec)
[INFO] Downloading: https://go4sapmaster.helion1.hpintelco.org:8444/oo/m2/artifacts/org/apache/apache/13/apache-13.pom
[INFO] Downloaded: https://go4sapmaster.helion1.hpintelco.org:8444/oo/m2/artifacts/org/apache/apache/13/apache-13.pom (0 B at 0.0 KB/sec)
[INFO] Downloading: https://go4sapmaster.helion1.hpintelco.org:8444/oo/m2/artifacts/org/apache/httpcomponents/httpcore/4.3.3/httpcore-4.3.3.pom
[WARNING] Could not validate integrity of download from https://go4sapmaster.helion1.hpintelco.org:8444/oo/m2/artifacts/org/apache/httpcomponents/httpcore/4.3.3/httpcore-4.3.3.pom: Checksum validation failed, no checksums available
[WARNING] Checksum validation failed, no checksums available for https://go4sapmaster.helion1.hpintelco.org:8444/oo/m2/artifacts/org/apache/httpcomponents/httpcore/4.3.3/httpcore-4.3.3.pom
[INFO] Downloaded: https://go4sapmaster.helion1.hpintelco.org:8444/oo/m2/artifacts/org/apache/httpcomponents/httpcore/4.3.3/httpcore-4.3.3.pom (5 KB at 249.4 KB/sec)
[INFO] Downloading: https://go4sapmaster.helion1.hpintelco.org:8444/oo/m2/artifacts/org/apache/httpcomponents/httpcomponents-core/4.3.3/httpcomponents-core-4.3.3.pom
[WARNING] Could not validate integrity of download from https://go4sapmaster.helion1.hpintelco.org:8444/oo/m2/artifacts/org/apache/httpcomponents/httpcomponents-core/4.3.3/httpcomponents-core-4.3.3.pom: Checksum validation failed, no checksums available
[WARNING] Checksum validation failed, no checksums available for https://go4sapmaster.helion1.hpintelco.org:8444/oo/m2/artifacts/org/apache/httpcomponents/httpcomponents-core/4.3.3/httpcomponents-core-4.3.3.pom
[INFO] Downloaded: https://go4sapmaster.helion1.hpintelco.org:8444/oo/m2/artifacts/org/apache/httpcomponents/httpcomponents-core/4.3.3/httpcomponents-core-4.3.3.pom (13 KB at 460.0 KB/sec)
[INFO] Downloading: https://go4sapmaster.helion1.hpintelco.org:8444/oo/m2/artifacts/commons-logging/commons-logging/1.1.3/commons-logging-1.1.3.pom
[WARNING] Could not validate integrity of download from https://go4sapmaster.helion1.hpintelco.org:8444/oo/m2/artifacts/commons-logging/commons-logging/1.1.3/commons-logging-1.1.3.pom: Checksum validation failed, no checksums available
[WARNING] Checksum validation failed, no checksums available for https://go4sapmaster.helion1.hpintelco.org:8444/oo/m2/artifacts/commons-logging/commons-logging/1.1.3/commons-logging-1.1.3.pom
[INFO] Downloaded: https://go4sapmaster.helion1.hpintelco.org:8444/oo/m2/artifacts/commons-logging/commons-logging/1.1.3/commons-logging-1.1.3.pom (18 KB at 560.1 KB/sec)
[INFO] Downloading: https://go4sapmaster.helion1.hpintelco.org:8444/oo/m2/artifacts/org/apache/commons/commons-parent/28/commons-parent-28.pom
[WARNING] Could not validate integrity of download from https://go4sapmaster.helion1.hpintelco.org:8444/oo/m2/artifacts/org/apache/commons/commons-parent/28/commons-parent-28.pom: Checksum validation failed, no checksums available
[WARNING] Checksum validation failed, no checksums available for https://go4sapmaster.helion1.hpintelco.org:8444/oo/m2/artifacts/org/apache/commons/commons-parent/28/commons-parent-28.pom
[INFO] Downloaded: https://go4sapmaster.helion1.hpintelco.org:8444/oo/m2/artifacts/org/apache/commons/commons-parent/28/commons-parent-28.pom (49 KB at 2332.1 KB/sec)
[INFO] Downloading: https://go4sapmaster.helion1.hpintelco.org:8444/oo/m2/artifacts/commons-codec/commons-codec/1.6/commons-codec-1.6.pom
[WARNING] Could not validate integrity of download from https://go4sapmaster.helion1.hpintelco.org:8444/oo/m2/artifacts/commons-codec/commons-codec/1.6/commons-codec-1.6.pom: Checksum validation failed, no checksums available
[WARNING] Checksum validation failed, no checksums available for https://go4sapmaster.helion1.hpintelco.org:8444/oo/m2/artifacts/commons-codec/commons-codec/1.6/commons-codec-1.6.pom
[INFO] Downloaded: https://go4sapmaster.helion1.hpintelco.org:8444/oo/m2/artifacts/commons-codec/commons-codec/1.6/commons-codec-1.6.pom (11 KB at 518.8 KB/sec)
[INFO] Downloading: https://go4sapmaster.helion1.hpintelco.org:8444/oo/m2/artifacts/org/apache/commons/commons-parent/22/commons-parent-22.pom
[WARNING] Could not validate integrity of download from https://go4sapmaster.helion1.hpintelco.org:8444/oo/m2/artifacts/org/apache/commons/commons-parent/22/commons-parent-22.pom: Checksum validation failed, no checksums available
[WARNING] Checksum validation failed, no checksums available for https://go4sapmaster.helion1.hpintelco.org:8444/oo/m2/artifacts/org/apache/commons/commons-parent/22/commons-parent-22.pom
[INFO] Downloaded: https://go4sapmaster.helion1.hpintelco.org:8444/oo/m2/artifacts/org/apache/commons/commons-parent/22/commons-parent-22.pom (41 KB at 1637.4 KB/sec)
[INFO] Downloading: https://go4sapmaster.helion1.hpintelco.org:8444/oo/m2/artifacts/org/apache/apache/9/apache-9.pom
[WARNING] Could not validate integrity of download from https://go4sapmaster.helion1.hpintelco.org:8444/oo/m2/artifacts/org/apache/apache/9/apache-9.pom: Checksum validation failed, no checksums available
[WARNING] Checksum validation failed, no checksums available for https://go4sapmaster.helion1.hpintelco.org:8444/oo/m2/artifacts/org/apache/apache/9/apache-9.pom
[INFO] Downloaded: https://go4sapmaster.helion1.hpintelco.org:8444/oo/m2/artifacts/org/apache/apache/9/apache-9.pom (15 KB at 462.6 KB/sec)
[INFO] Downloading: https://go4sapmaster.helion1.hpintelco.org:8444/oo/m2/artifacts/org/apache/httpcomponents/httpcore/4.3.2/httpcore-4.3.2.pom
[WARNING] Could not validate integrity of download from https://go4sapmaster.helion1.hpintelco.org:8444/oo/m2/artifacts/org/apache/httpcomponents/httpcore/4.3.2/httpcore-4.3.2.pom: Checksum validation failed, no checksums available
[WARNING] Checksum validation failed, no checksums available for https://go4sapmaster.helion1.hpintelco.org:8444/oo/m2/artifacts/org/apache/httpcomponents/httpcore/4.3.2/httpcore-4.3.2.pom
[INFO] Downloaded: https://go4sapmaster.helion1.hpintelco.org:8444/oo/m2/artifacts/org/apache/httpcomponents/httpcore/4.3.2/httpcore-4.3.2.pom (5 KB at 99.8 KB/sec)
[INFO] Downloading: https://go4sapmaster.helion1.hpintelco.org:8444/oo/m2/artifacts/org/apache/httpcomponents/httpcomponents-core/4.3.2/httpcomponents-core-4.3.2.pom
[WARNING] Could not validate integrity of download from https://go4sapmaster.helion1.hpintelco.org:8444/oo/m2/artifacts/org/apache/httpcomponents/httpcomponents-core/4.3.2/httpcomponents-core-4.3.2.pom: Checksum validation failed, no checksums available
[WARNING] Checksum validation failed, no checksums available for https://go4sapmaster.helion1.hpintelco.org:8444/oo/m2/artifacts/org/apache/httpcomponents/httpcomponents-core/4.3.2/httpcomponents-core-4.3.2.pom
[INFO] Downloaded: https://go4sapmaster.helion1.hpintelco.org:8444/oo/m2/artifacts/org/apache/httpcomponents/httpcomponents-core/4.3.2/httpcomponents-core-4.3.2.pom (12 KB at 659.4 KB/sec)
[INFO] Downloading: https://go4sapmaster.helion1.hpintelco.org:8444/oo/m2/artifacts/org/apache/httpcomponents/httpmime/4.3.6/httpmime-4.3.6.pom
[WARNING] Could not validate integrity of download from https://go4sapmaster.helion1.hpintelco.org:8444/oo/m2/artifacts/org/apache/httpcomponents/httpmime/4.3.6/httpmime-4.3.6.pom: Checksum validation failed, no checksums available
[WARNING] Checksum validation failed, no checksums available for https://go4sapmaster.helion1.hpintelco.org:8444/oo/m2/artifacts/org/apache/httpcomponents/httpmime/4.3.6/httpmime-4.3.6.pom
[INFO] Downloaded: https://go4sapmaster.helion1.hpintelco.org:8444/oo/m2/artifacts/org/apache/httpcomponents/httpmime/4.3.6/httpmime-4.3.6.pom (5 KB at 246.0 KB/sec)
[INFO] Downloading: https://go4sapmaster.helion1.hpintelco.org:8444/oo/m2/artifacts/jcifs/jcifs/1.3.17/jcifs-1.3.17.pom
[WARNING] Could not validate integrity of download from https://go4sapmaster.helion1.hpintelco.org:8444/oo/m2/artifacts/jcifs/jcifs/1.3.17/jcifs-1.3.17.pom: Checksum validation failed, no checksums available
[WARNING] Checksum validation failed, no checksums available for https://go4sapmaster.helion1.hpintelco.org:8444/oo/m2/artifacts/jcifs/jcifs/1.3.17/jcifs-1.3.17.pom
[INFO] Downloaded: https://go4sapmaster.helion1.hpintelco.org:8444/oo/m2/artifacts/jcifs/jcifs/1.3.17/jcifs-1.3.17.pom (3 KB at 116.4 KB/sec)
[INFO] Downloading: https://go4sapmaster.helion1.hpintelco.org:8444/oo/m2/artifacts/javax/servlet/servlet-api/2.4/servlet-api-2.4.pom
[WARNING] Could not validate integrity of download from https://go4sapmaster.helion1.hpintelco.org:8444/oo/m2/artifacts/javax/servlet/servlet-api/2.4/servlet-api-2.4.pom: Checksum validation failed, no checksums available
[WARNING] Checksum validation failed, no checksums available for https://go4sapmaster.helion1.hpintelco.org:8444/oo/m2/artifacts/javax/servlet/servlet-api/2.4/servlet-api-2.4.pom
[INFO] Downloaded: https://go4sapmaster.helion1.hpintelco.org:8444/oo/m2/artifacts/javax/servlet/servlet-api/2.4/servlet-api-2.4.pom (458 B at 22.4 KB/sec)
[INFO] Downloading: https://go4sapmaster.helion1.hpintelco.org:8444/oo/m2/artifacts/commons-io/commons-io/2.4/commons-io-2.4.pom
[WARNING] Could not validate integrity of download from https://go4sapmaster.helion1.hpintelco.org:8444/oo/m2/artifacts/commons-io/commons-io/2.4/commons-io-2.4.pom: Checksum validation failed, no checksums available
[WARNING] Checksum validation failed, no checksums available for https://go4sapmaster.helion1.hpintelco.org:8444/oo/m2/artifacts/commons-io/commons-io/2.4/commons-io-2.4.pom
[INFO] Downloaded: https://go4sapmaster.helion1.hpintelco.org:8444/oo/m2/artifacts/commons-io/commons-io/2.4/commons-io-2.4.pom (10 KB at 367.7 KB/sec)
[INFO] Downloading: https://go4sapmaster.helion1.hpintelco.org:8444/oo/m2/artifacts/org/apache/commons/commons-parent/25/commons-parent-25.pom
[WARNING] Could not validate integrity of download from https://go4sapmaster.helion1.hpintelco.org:8444/oo/m2/artifacts/org/apache/commons/commons-parent/25/commons-parent-25.pom: Checksum validation failed, no checksums available
[WARNING] Checksum validation failed, no checksums available for https://go4sapmaster.helion1.hpintelco.org:8444/oo/m2/artifacts/org/apache/commons/commons-parent/25/commons-parent-25.pom
[INFO] Downloaded: https://go4sapmaster.helion1.hpintelco.org:8444/oo/m2/artifacts/org/apache/commons/commons-parent/25/commons-parent-25.pom (48 KB at 1241.4 KB/sec)
[INFO] Downloading: https://go4sapmaster.helion1.hpintelco.org:8444/oo/m2/artifacts/commons-validator/commons-validator/1.5.1/commons-validator-1.5.1.pom
[WARNING] Could not validate integrity of download from https://go4sapmaster.helion1.hpintelco.org:8444/oo/m2/artifacts/commons-validator/commons-validator/1.5.1/commons-validator-1.5.1.pom: Checksum validation failed, no checksums available
[WARNING] Checksum validation failed, no checksums available for https://go4sapmaster.helion1.hpintelco.org:8444/oo/m2/artifacts/commons-validator/commons-validator/1.5.1/commons-validator-1.5.1.pom
[INFO] Downloaded: https://go4sapmaster.helion1.hpintelco.org:8444/oo/m2/artifacts/commons-validator/commons-validator/1.5.1/commons-validator-1.5.1.pom (12 KB at 411.6 KB/sec)
[INFO] Downloading: https://go4sapmaster.helion1.hpintelco.org:8444/oo/m2/artifacts/org/apache/commons/commons-parent/39/commons-parent-39.pom
[WARNING] Could not validate integrity of download from https://go4sapmaster.helion1.hpintelco.org:8444/oo/m2/artifacts/org/apache/commons/commons-parent/39/commons-parent-39.pom: Checksum validation failed, no checksums available
[WARNING] Checksum validation failed, no checksums available for https://go4sapmaster.helion1.hpintelco.org:8444/oo/m2/artifacts/org/apache/commons/commons-parent/39/commons-parent-39.pom
[INFO] Downloaded: https://go4sapmaster.helion1.hpintelco.org:8444/oo/m2/artifacts/org/apache/commons/commons-parent/39/commons-parent-39.pom (61 KB at 729.2 KB/sec)
[INFO] Downloading: https://go4sapmaster.helion1.hpintelco.org:8444/oo/m2/artifacts/commons-beanutils/commons-beanutils/1.9.2/commons-beanutils-1.9.2.pom
[WARNING] Could not validate integrity of download from https://go4sapmaster.helion1.hpintelco.org:8444/oo/m2/artifacts/commons-beanutils/commons-beanutils/1.9.2/commons-beanutils-1.9.2.pom: Checksum validation failed, no checksums available
[WARNING] Checksum validation failed, no checksums available for https://go4sapmaster.helion1.hpintelco.org:8444/oo/m2/artifacts/commons-beanutils/commons-beanutils/1.9.2/commons-beanutils-1.9.2.pom
[INFO] Downloaded: https://go4sapmaster.helion1.hpintelco.org:8444/oo/m2/artifacts/commons-beanutils/commons-beanutils/1.9.2/commons-beanutils-1.9.2.pom (14 KB at 498.9 KB/sec)
[INFO] Downloading: https://go4sapmaster.helion1.hpintelco.org:8444/oo/m2/artifacts/org/apache/commons/commons-parent/33/commons-parent-33.pom
[WARNING] Could not validate integrity of download from https://go4sapmaster.helion1.hpintelco.org:8444/oo/m2/artifacts/org/apache/commons/commons-parent/33/commons-parent-33.pom: Checksum validation failed, no checksums available
[WARNING] Checksum validation failed, no checksums available for https://go4sapmaster.helion1.hpintelco.org:8444/oo/m2/artifacts/org/apache/commons/commons-parent/33/commons-parent-33.pom
[INFO] Downloaded: https://go4sapmaster.helion1.hpintelco.org:8444/oo/m2/artifacts/org/apache/commons/commons-parent/33/commons-parent-33.pom (52 KB at 1672.4 KB/sec)
[INFO] Downloading: https://go4sapmaster.helion1.hpintelco.org:8444/oo/m2/artifacts/commons-logging/commons-logging/1.1.1/commons-logging-1.1.1.pom
[WARNING] Could not validate integrity of download from https://go4sapmaster.helion1.hpintelco.org:8444/oo/m2/artifacts/commons-logging/commons-logging/1.1.1/commons-logging-1.1.1.pom: Checksum validation failed, no checksums available
[WARNING] Checksum validation failed, no checksums available for https://go4sapmaster.helion1.hpintelco.org:8444/oo/m2/artifacts/commons-logging/commons-logging/1.1.1/commons-logging-1.1.1.pom
[INFO] Downloaded: https://go4sapmaster.helion1.hpintelco.org:8444/oo/m2/artifacts/commons-logging/commons-logging/1.1.1/commons-logging-1.1.1.pom (18 KB at 344.9 KB/sec)
[INFO] Downloading: https://go4sapmaster.helion1.hpintelco.org:8444/oo/m2/artifacts/org/apache/commons/commons-parent/5/commons-parent-5.pom
[WARNING] Could not validate integrity of download from https://go4sapmaster.helion1.hpintelco.org:8444/oo/m2/artifacts/org/apache/commons/commons-parent/5/commons-parent-5.pom: Checksum validation failed, no checksums available
[WARNING] Checksum validation failed, no checksums available for https://go4sapmaster.helion1.hpintelco.org:8444/oo/m2/artifacts/org/apache/commons/commons-parent/5/commons-parent-5.pom
[INFO] Downloaded: https://go4sapmaster.helion1.hpintelco.org:8444/oo/m2/artifacts/org/apache/commons/commons-parent/5/commons-parent-5.pom (16 KB at 460.7 KB/sec)
[INFO] Downloading: https://go4sapmaster.helion1.hpintelco.org:8444/oo/m2/artifacts/org/apache/apache/4/apache-4.pom
[INFO] Downloaded: https://go4sapmaster.helion1.hpintelco.org:8444/oo/m2/artifacts/org/apache/apache/4/apache-4.pom (0 B at 0.0 KB/sec)
[INFO] Downloading: https://go4sapmaster.helion1.hpintelco.org:8444/oo/m2/artifacts/commons-collections/commons-collections/3.2.1/commons-collections-3.2.1.pom
[INFO] Downloaded: https://go4sapmaster.helion1.hpintelco.org:8444/oo/m2/artifacts/commons-collections/commons-collections/3.2.1/commons-collections-3.2.1.pom (0 B at 0.0 KB/sec)
[INFO] Downloading: https://go4sapmaster.helion1.hpintelco.org:8444/oo/m2/artifacts/org/apache/commons/commons-parent/9/commons-parent-9.pom
[INFO] Downloaded: https://go4sapmaster.helion1.hpintelco.org:8444/oo/m2/artifacts/org/apache/commons/commons-parent/9/commons-parent-9.pom (0 B at 0.0 KB/sec)
[INFO] Downloading: https://go4sapmaster.helion1.hpintelco.org:8444/oo/m2/artifacts/commons-digester/commons-digester/1.8.1/commons-digester-1.8.1.pom
[WARNING] Could not validate integrity of download from https://go4sapmaster.helion1.hpintelco.org:8444/oo/m2/artifacts/commons-digester/commons-digester/1.8.1/commons-digester-1.8.1.pom: Checksum validation failed, no checksums available
[WARNING] Checksum validation failed, no checksums available for https://go4sapmaster.helion1.hpintelco.org:8444/oo/m2/artifacts/commons-digester/commons-digester/1.8.1/commons-digester-1.8.1.pom
[INFO] Downloaded: https://go4sapmaster.helion1.hpintelco.org:8444/oo/m2/artifacts/commons-digester/commons-digester/1.8.1/commons-digester-1.8.1.pom (10 KB at 349.7 KB/sec)
[INFO] Downloading: https://go4sapmaster.helion1.hpintelco.org:8444/oo/m2/artifacts/org/apache/commons/commons-parent/11/commons-parent-11.pom
[WARNING] Could not validate integrity of download from https://go4sapmaster.helion1.hpintelco.org:8444/oo/m2/artifacts/org/apache/commons/commons-parent/11/commons-parent-11.pom: Checksum validation failed, no checksums available
[WARNING] Checksum validation failed, no checksums available for https://go4sapmaster.helion1.hpintelco.org:8444/oo/m2/artifacts/org/apache/commons/commons-parent/11/commons-parent-11.pom
[INFO] Downloaded: https://go4sapmaster.helion1.hpintelco.org:8444/oo/m2/artifacts/org/apache/commons/commons-parent/11/commons-parent-11.pom (25 KB at 1266.9 KB/sec)
[INFO] Downloading: https://go4sapmaster.helion1.hpintelco.org:8444/oo/m2/artifacts/commons-logging/commons-logging/1.2/commons-logging-1.2.pom
[WARNING] Could not validate integrity of download from https://go4sapmaster.helion1.hpintelco.org:8444/oo/m2/artifacts/commons-logging/commons-logging/1.2/commons-logging-1.2.pom: Checksum validation failed, no checksums available
[WARNING] Checksum validation failed, no checksums available for https://go4sapmaster.helion1.hpintelco.org:8444/oo/m2/artifacts/commons-logging/commons-logging/1.2/commons-logging-1.2.pom
[INFO] Downloaded: https://go4sapmaster.helion1.hpintelco.org:8444/oo/m2/artifacts/commons-logging/commons-logging/1.2/commons-logging-1.2.pom (19 KB at 669.9 KB/sec)
[INFO] Downloading: https://go4sapmaster.helion1.hpintelco.org:8444/oo/m2/artifacts/org/apache/commons/commons-parent/34/commons-parent-34.pom
[WARNING] Could not validate integrity of download from https://go4sapmaster.helion1.hpintelco.org:8444/oo/m2/artifacts/org/apache/commons/commons-parent/34/commons-parent-34.pom: Checksum validation failed, no checksums available
[WARNING] Checksum validation failed, no checksums available for https://go4sapmaster.helion1.hpintelco.org:8444/oo/m2/artifacts/org/apache/commons/commons-parent/34/commons-parent-34.pom
[INFO] Downloaded: https://go4sapmaster.helion1.hpintelco.org:8444/oo/m2/artifacts/org/apache/commons/commons-parent/34/commons-parent-34.pom (55 KB at 975.6 KB/sec)
[INFO] Downloading: https://go4sapmaster.helion1.hpintelco.org:8444/oo/m2/artifacts/commons-collections/commons-collections/3.2.2/commons-collections-3.2.2.pom
[WARNING] Could not validate integrity of download from https://go4sapmaster.helion1.hpintelco.org:8444/oo/m2/artifacts/commons-collections/commons-collections/3.2.2/commons-collections-3.2.2.pom: Checksum validation failed, no checksums available
[WARNING] Checksum validation failed, no checksums available for https://go4sapmaster.helion1.hpintelco.org:8444/oo/m2/artifacts/commons-collections/commons-collections/3.2.2/commons-collections-3.2.2.pom
[INFO] Downloaded: https://go4sapmaster.helion1.hpintelco.org:8444/oo/m2/artifacts/commons-collections/commons-collections/3.2.2/commons-collections-3.2.2.pom (13 KB at 605.6 KB/sec)
[INFO] Downloading: https://go4sapmaster.helion1.hpintelco.org:8444/oo/m2/artifacts/bouncycastle/bcprov-jdk16/140/bcprov-jdk16-140.pom
[WARNING] Could not validate integrity of download from https://go4sapmaster.helion1.hpintelco.org:8444/oo/m2/artifacts/bouncycastle/bcprov-jdk16/140/bcprov-jdk16-140.pom: Checksum validation failed, no checksums available
[WARNING] Checksum validation failed, no checksums available for https://go4sapmaster.helion1.hpintelco.org:8444/oo/m2/artifacts/bouncycastle/bcprov-jdk16/140/bcprov-jdk16-140.pom
[INFO] Downloaded: https://go4sapmaster.helion1.hpintelco.org:8444/oo/m2/artifacts/bouncycastle/bcprov-jdk16/140/bcprov-jdk16-140.pom (2 KB at 62.9 KB/sec)
[INFO] Downloading: https://go4sapmaster.helion1.hpintelco.org:8444/oo/m2/artifacts/io/cloudslang/content/cs-xml/0.0.9/cs-xml-0.0.9.pom
[WARNING] Could not validate integrity of download from https://go4sapmaster.helion1.hpintelco.org:8444/oo/m2/artifacts/io/cloudslang/content/cs-xml/0.0.9/cs-xml-0.0.9.pom: Checksum validation failed, no checksums available
[WARNING] Checksum validation failed, no checksums available for https://go4sapmaster.helion1.hpintelco.org:8444/oo/m2/artifacts/io/cloudslang/content/cs-xml/0.0.9/cs-xml-0.0.9.pom
[INFO] Downloaded: https://go4sapmaster.helion1.hpintelco.org:8444/oo/m2/artifacts/io/cloudslang/content/cs-xml/0.0.9/cs-xml-0.0.9.pom (9 KB at 481.1 KB/sec)
[INFO] Downloading: https://go4sapmaster.helion1.hpintelco.org:8444/oo/m2/artifacts/com/hp/score/sdk/score-content-sdk/1.5/score-content-sdk-1.5.pom
[WARNING] Could not validate integrity of download from https://go4sapmaster.helion1.hpintelco.org:8444/oo/m2/artifacts/com/hp/score/sdk/score-content-sdk/1.5/score-content-sdk-1.5.pom: Checksum validation failed, no checksums available
[WARNING] Checksum validation failed, no checksums available for https://go4sapmaster.helion1.hpintelco.org:8444/oo/m2/artifacts/com/hp/score/sdk/score-content-sdk/1.5/score-content-sdk-1.5.pom
[INFO] Downloaded: https://go4sapmaster.helion1.hpintelco.org:8444/oo/m2/artifacts/com/hp/score/sdk/score-content-sdk/1.5/score-content-sdk-1.5.pom (4 KB at 222.7 KB/sec)
[INFO] Downloading: https://go4sapmaster.helion1.hpintelco.org:8444/oo/m2/artifacts/io/cloudslang/content/cs-commons/0.0.2/cs-commons-0.0.2.pom
[WARNING] Could not validate integrity of download from https://go4sapmaster.helion1.hpintelco.org:8444/oo/m2/artifacts/io/cloudslang/content/cs-commons/0.0.2/cs-commons-0.0.2.pom: Checksum validation failed, no checksums available
[WARNING] Checksum validation failed, no checksums available for https://go4sapmaster.helion1.hpintelco.org:8444/oo/m2/artifacts/io/cloudslang/content/cs-commons/0.0.2/cs-commons-0.0.2.pom
[INFO] Downloaded: https://go4sapmaster.helion1.hpintelco.org:8444/oo/m2/artifacts/io/cloudslang/content/cs-commons/0.0.2/cs-commons-0.0.2.pom (7 KB at 339.5 KB/sec)
[INFO] Downloading: https://go4sapmaster.helion1.hpintelco.org:8444/oo/m2/artifacts/io/cloudslang/content/cs-http-client/0.1.67/cs-http-client-0.1.67.pom
[WARNING] Could not validate integrity of download from https://go4sapmaster.helion1.hpintelco.org:8444/oo/m2/artifacts/io/cloudslang/content/cs-http-client/0.1.67/cs-http-client-0.1.67.pom: Checksum validation failed, no checksums available
[WARNING] Checksum validation failed, no checksums available for https://go4sapmaster.helion1.hpintelco.org:8444/oo/m2/artifacts/io/cloudslang/content/cs-http-client/0.1.67/cs-http-client-0.1.67.pom
[INFO] Downloaded: https://go4sapmaster.helion1.hpintelco.org:8444/oo/m2/artifacts/io/cloudslang/content/cs-http-client/0.1.67/cs-http-client-0.1.67.pom (10 KB at 467.1 KB/sec)
[INFO] Downloading: https://go4sapmaster.helion1.hpintelco.org:8444/oo/m2/artifacts/org/apache/commons/commons-io/1.3.2/commons-io-1.3.2.pom
[WARNING] Could not validate integrity of download from https://go4sapmaster.helion1.hpintelco.org:8444/oo/m2/artifacts/org/apache/commons/commons-io/1.3.2/commons-io-1.3.2.pom: Checksum validation failed, no checksums available
[WARNING] Checksum validation failed, no checksums available for https://go4sapmaster.helion1.hpintelco.org:8444/oo/m2/artifacts/org/apache/commons/commons-io/1.3.2/commons-io-1.3.2.pom
[INFO] Downloaded: https://go4sapmaster.helion1.hpintelco.org:8444/oo/m2/artifacts/org/apache/commons/commons-io/1.3.2/commons-io-1.3.2.pom (10 KB at 474.9 KB/sec)
[INFO] Downloading: https://go4sapmaster.helion1.hpintelco.org:8444/oo/m2/artifacts/org/apache/commons/commons-parent/3/commons-parent-3.pom
[WARNING] Could not validate integrity of download from https://go4sapmaster.helion1.hpintelco.org:8444/oo/m2/artifacts/org/apache/commons/commons-parent/3/commons-parent-3.pom: Checksum validation failed, no checksums available
[WARNING] Checksum validation failed, no checksums available for https://go4sapmaster.helion1.hpintelco.org:8444/oo/m2/artifacts/org/apache/commons/commons-parent/3/commons-parent-3.pom
[INFO] Downloaded: https://go4sapmaster.helion1.hpintelco.org:8444/oo/m2/artifacts/org/apache/commons/commons-parent/3/commons-parent-3.pom (12 KB at 339.2 KB/sec)
[INFO] Downloading: https://go4sapmaster.helion1.hpintelco.org:8444/oo/m2/artifacts/xerces/xercesImpl/2.8.0/xercesImpl-2.8.0.pom
[WARNING] Could not validate integrity of download from https://go4sapmaster.helion1.hpintelco.org:8444/oo/m2/artifacts/xerces/xercesImpl/2.8.0/xercesImpl-2.8.0.pom: Checksum validation failed, no checksums available
[WARNING] Checksum validation failed, no checksums available for https://go4sapmaster.helion1.hpintelco.org:8444/oo/m2/artifacts/xerces/xercesImpl/2.8.0/xercesImpl-2.8.0.pom
[INFO] Downloaded: https://go4sapmaster.helion1.hpintelco.org:8444/oo/m2/artifacts/xerces/xercesImpl/2.8.0/xercesImpl-2.8.0.pom (2 KB at 68.7 KB/sec)
[INFO] Downloading: https://go4sapmaster.helion1.hpintelco.org:8444/oo/m2/artifacts/org/apache/apache/1/apache-1.pom
[WARNING] Could not validate integrity of download from https://go4sapmaster.helion1.hpintelco.org:8444/oo/m2/artifacts/org/apache/apache/1/apache-1.pom: Checksum validation failed, no checksums available
[WARNING] Checksum validation failed, no checksums available for https://go4sapmaster.helion1.hpintelco.org:8444/oo/m2/artifacts/org/apache/apache/1/apache-1.pom
[INFO] Downloaded: https://go4sapmaster.helion1.hpintelco.org:8444/oo/m2/artifacts/org/apache/apache/1/apache-1.pom (4 KB at 166.5 KB/sec)
[INFO] Downloading: https://go4sapmaster.helion1.hpintelco.org:8444/oo/m2/artifacts/xml-apis/xml-apis/1.3.03/xml-apis-1.3.03.pom
[WARNING] Could not validate integrity of download from https://go4sapmaster.helion1.hpintelco.org:8444/oo/m2/artifacts/xml-apis/xml-apis/1.3.03/xml-apis-1.3.03.pom: Checksum validation failed, no checksums available
[WARNING] Checksum validation failed, no checksums available for https://go4sapmaster.helion1.hpintelco.org:8444/oo/m2/artifacts/xml-apis/xml-apis/1.3.03/xml-apis-1.3.03.pom
[INFO] Downloaded: https://go4sapmaster.helion1.hpintelco.org:8444/oo/m2/artifacts/xml-apis/xml-apis/1.3.03/xml-apis-1.3.03.pom (738 B at 40.0 KB/sec)
[INFO] Downloading: https://go4sapmaster.helion1.hpintelco.org:8444/oo/m2/artifacts/com/google/code/gson/gson/2.3/gson-2.3.pom
[WARNING] Could not validate integrity of download from https://go4sapmaster.helion1.hpintelco.org:8444/oo/m2/artifacts/com/google/code/gson/gson/2.3/gson-2.3.pom: Checksum validation failed, no checksums available
[WARNING] Checksum validation failed, no checksums available for https://go4sapmaster.helion1.hpintelco.org:8444/oo/m2/artifacts/com/google/code/gson/gson/2.3/gson-2.3.pom
[INFO] Downloaded: https://go4sapmaster.helion1.hpintelco.org:8444/oo/m2/artifacts/com/google/code/gson/gson/2.3/gson-2.3.pom (9 KB at 461.2 KB/sec)
[INFO] Downloading: https://go4sapmaster.helion1.hpintelco.org:8444/oo/m2/artifacts/org/sonatype/oss/oss-parent/9/oss-parent-9.pom
[WARNING] Could not validate integrity of download from https://go4sapmaster.helion1.hpintelco.org:8444/oo/m2/artifacts/org/sonatype/oss/oss-parent/9/oss-parent-9.pom: Checksum validation failed, no checksums available
[WARNING] Checksum validation failed, no checksums available for https://go4sapmaster.helion1.hpintelco.org:8444/oo/m2/artifacts/org/sonatype/oss/oss-parent/9/oss-parent-9.pom
[INFO] Downloaded: https://go4sapmaster.helion1.hpintelco.org:8444/oo/m2/artifacts/org/sonatype/oss/oss-parent/9/oss-parent-9.pom (7 KB at 400.9 KB/sec)
[INFO] Downloading: https://go4sapmaster.helion1.hpintelco.org:8444/oo/m2/artifacts/javax/xml/parsers/jaxp-api/1.4.5/jaxp-api-1.4.5.pom
[WARNING] Could not validate integrity of download from https://go4sapmaster.helion1.hpintelco.org:8444/oo/m2/artifacts/javax/xml/parsers/jaxp-api/1.4.5/jaxp-api-1.4.5.pom: Checksum validation failed, no checksums available
[WARNING] Checksum validation failed, no checksums available for https://go4sapmaster.helion1.hpintelco.org:8444/oo/m2/artifacts/javax/xml/parsers/jaxp-api/1.4.5/jaxp-api-1.4.5.pom
[INFO] Downloaded: https://go4sapmaster.helion1.hpintelco.org:8444/oo/m2/artifacts/javax/xml/parsers/jaxp-api/1.4.5/jaxp-api-1.4.5.pom (4 KB at 138.3 KB/sec)
[INFO] Downloading: https://go4sapmaster.helion1.hpintelco.org:8444/oo/m2/artifacts/org/jdom/jdom/2.0.2/jdom-2.0.2.pom
[WARNING] Could not validate integrity of download from https://go4sapmaster.helion1.hpintelco.org:8444/oo/m2/artifacts/org/jdom/jdom/2.0.2/jdom-2.0.2.pom: Checksum validation failed, no checksums available
[WARNING] Checksum validation failed, no checksums available for https://go4sapmaster.helion1.hpintelco.org:8444/oo/m2/artifacts/org/jdom/jdom/2.0.2/jdom-2.0.2.pom
[INFO] Downloaded: https://go4sapmaster.helion1.hpintelco.org:8444/oo/m2/artifacts/org/jdom/jdom/2.0.2/jdom-2.0.2.pom (5 KB at 249.4 KB/sec)
[INFO] Downloading: https://go4sapmaster.helion1.hpintelco.org:8444/oo/m2/artifacts/io/cloudslang/content/cs-commons/0.0.3/cs-commons-0.0.3.jar
[INFO] Downloading: https://go4sapmaster.helion1.hpintelco.org:8444/oo/m2/artifacts/org/apache/commons/commons-lang3/3.4/commons-lang3-3.4.jar
[INFO] Downloading: https://go4sapmaster.helion1.hpintelco.org:8444/oo/m2/artifacts/com/hp/score/sdk/score-content-sdk/1.10.6/score-content-sdk-1.10.6.jar
[INFO] Downloading: https://go4sapmaster.helion1.hpintelco.org:8444/oo/m2/artifacts/io/cloudslang/content/cs-amazon/1.0.11/cs-amazon-1.0.11.jar
[INFO] Downloading: https://go4sapmaster.helion1.hpintelco.org:8444/oo/m2/artifacts/org/jetbrains/annotations/15.0/annotations-15.0.jar
[INFO] Downloaded: https://go4sapmaster.helion1.hpintelco.org:8444/oo/m2/artifacts/com/hp/score/sdk/score-content-sdk/1.10.6/score-content-sdk-1.10.6.jar (10 KB at 378.6 KB/sec)
[INFO] Downloading: https://go4sapmaster.helion1.hpintelco.org:8444/oo/m2/artifacts/io/cloudslang/content/cs-http-client/0.1.68/cs-http-client-0.1.68.jar
[WARNING] Could not validate integrity of download from https://go4sapmaster.helion1.hpintelco.org:8444/oo/m2/artifacts/io/cloudslang/content/cs-commons/0.0.3/cs-commons-0.0.3.jar: Checksum validation failed, no checksums available
[WARNING] Checksum validation failed, no checksums available for https://go4sapmaster.helion1.hpintelco.org:8444/oo/m2/artifacts/io/cloudslang/content/cs-commons/0.0.3/cs-commons-0.0.3.jar
[INFO] Downloaded: https://go4sapmaster.helion1.hpintelco.org:8444/oo/m2/artifacts/io/cloudslang/content/cs-commons/0.0.3/cs-commons-0.0.3.jar (15 KB at 451.5 KB/sec)
[INFO] Downloading: https://go4sapmaster.helion1.hpintelco.org:8444/oo/m2/artifacts/org/apache/httpcomponents/httpclient/4.3.6/httpclient-4.3.6.jar
[WARNING] Could not validate integrity of download from https://go4sapmaster.helion1.hpintelco.org:8444/oo/m2/artifacts/io/cloudslang/content/cs-http-client/0.1.68/cs-http-client-0.1.68.jar: Checksum validation failed, no checksums available
[WARNING] Checksum validation failed, no checksums available for https://go4sapmaster.helion1.hpintelco.org:8444/oo/m2/artifacts/io/cloudslang/content/cs-http-client/0.1.68/cs-http-client-0.1.68.jar
[INFO] Downloaded: https://go4sapmaster.helion1.hpintelco.org:8444/oo/m2/artifacts/io/cloudslang/content/cs-http-client/0.1.68/cs-http-client-0.1.68.jar (62 KB at 2364.0 KB/sec)
[INFO] Downloading: https://go4sapmaster.helion1.hpintelco.org:8444/oo/m2/artifacts/org/apache/httpcomponents/httpcore/4.3.2/httpcore-4.3.2.jar
[WARNING] Could not validate integrity of download from https://go4sapmaster.helion1.hpintelco.org:8444/oo/m2/artifacts/org/apache/commons/commons-lang3/3.4/commons-lang3-3.4.jar: Checksum validation failed, no checksums available
[WARNING] Checksum validation failed, no checksums available for https://go4sapmaster.helion1.hpintelco.org:8444/oo/m2/artifacts/org/apache/commons/commons-lang3/3.4/commons-lang3-3.4.jar
[INFO] Downloaded: https://go4sapmaster.helion1.hpintelco.org:8444/oo/m2/artifacts/org/apache/commons/commons-lang3/3.4/commons-lang3-3.4.jar (425 KB at 7318.8 KB/sec)
[INFO] Downloading: https://go4sapmaster.helion1.hpintelco.org:8444/oo/m2/artifacts/commons-logging/commons-logging/1.2/commons-logging-1.2.jar
[INFO] Downloaded: https://go4sapmaster.helion1.hpintelco.org:8444/oo/m2/artifacts/io/cloudslang/content/cs-amazon/1.0.11/cs-amazon-1.0.11.jar (272 KB at 3160.8 KB/sec)
[WARNING] Could not validate integrity of download from https://go4sapmaster.helion1.hpintelco.org:8444/oo/m2/artifacts/org/jetbrains/annotations/15.0/annotations-15.0.jar: Checksum validation failed, no checksums available
[WARNING] Checksum validation failed, no checksums available for https://go4sapmaster.helion1.hpintelco.org:8444/oo/m2/artifacts/org/jetbrains/annotations/15.0/annotations-15.0.jar
[INFO] Downloaded: https://go4sapmaster.helion1.hpintelco.org:8444/oo/m2/artifacts/org/jetbrains/annotations/15.0/annotations-15.0.jar (19 KB at 206.6 KB/sec)
[INFO] Downloading: https://go4sapmaster.helion1.hpintelco.org:8444/oo/m2/artifacts/org/apache/httpcomponents/httpmime/4.3.6/httpmime-4.3.6.jar
[INFO] Downloading: https://go4sapmaster.helion1.hpintelco.org:8444/oo/m2/artifacts/commons-codec/commons-codec/1.6/commons-codec-1.6.jar
[WARNING] Could not validate integrity of download from https://go4sapmaster.helion1.hpintelco.org:8444/oo/m2/artifacts/org/apache/httpcomponents/httpclient/4.3.6/httpclient-4.3.6.jar: Checksum validation failed, no checksums available
[WARNING] Checksum validation failed, no checksums available for https://go4sapmaster.helion1.hpintelco.org:8444/oo/m2/artifacts/org/apache/httpcomponents/httpclient/4.3.6/httpclient-4.3.6.jar
[INFO] Downloaded: https://go4sapmaster.helion1.hpintelco.org:8444/oo/m2/artifacts/org/apache/httpcomponents/httpclient/4.3.6/httpclient-4.3.6.jar (579 KB at 8759.6 KB/sec)
[INFO] Downloading: https://go4sapmaster.helion1.hpintelco.org:8444/oo/m2/artifacts/jcifs/jcifs/1.3.17/jcifs-1.3.17.jar
[WARNING] Could not validate integrity of download from https://go4sapmaster.helion1.hpintelco.org:8444/oo/m2/artifacts/org/apache/httpcomponents/httpcore/4.3.2/httpcore-4.3.2.jar: Checksum validation failed, no checksums available
[WARNING] Checksum validation failed, no checksums available for https://go4sapmaster.helion1.hpintelco.org:8444/oo/m2/artifacts/org/apache/httpcomponents/httpcore/4.3.2/httpcore-4.3.2.jar
[INFO] Downloaded: https://go4sapmaster.helion1.hpintelco.org:8444/oo/m2/artifacts/org/apache/httpcomponents/httpcore/4.3.2/httpcore-4.3.2.jar (276 KB at 5992.5 KB/sec)
[WARNING] Could not validate integrity of download from https://go4sapmaster.helion1.hpintelco.org:8444/oo/m2/artifacts/commons-logging/commons-logging/1.2/commons-logging-1.2.jar: Checksum validation failed, no checksums available
[WARNING] Checksum validation failed, no checksums available for https://go4sapmaster.helion1.hpintelco.org:8444/oo/m2/artifacts/commons-logging/commons-logging/1.2/commons-logging-1.2.jar
[INFO] Downloaded: https://go4sapmaster.helion1.hpintelco.org:8444/oo/m2/artifacts/commons-logging/commons-logging/1.2/commons-logging-1.2.jar (61 KB at 1404.2 KB/sec)
[INFO] Downloading: https://go4sapmaster.helion1.hpintelco.org:8444/oo/m2/artifacts/javax/servlet/servlet-api/2.4/servlet-api-2.4.jar
[INFO] Downloading: https://go4sapmaster.helion1.hpintelco.org:8444/oo/m2/artifacts/commons-io/commons-io/2.4/commons-io-2.4.jar
[WARNING] Could not validate integrity of download from https://go4sapmaster.helion1.hpintelco.org:8444/oo/m2/artifacts/org/apache/httpcomponents/httpmime/4.3.6/httpmime-4.3.6.jar: Checksum validation failed, no checksums available
[WARNING] Checksum validation failed, no checksums available for https://go4sapmaster.helion1.hpintelco.org:8444/oo/m2/artifacts/org/apache/httpcomponents/httpmime/4.3.6/httpmime-4.3.6.jar
[INFO] Downloaded: https://go4sapmaster.helion1.hpintelco.org:8444/oo/m2/artifacts/org/apache/httpcomponents/httpmime/4.3.6/httpmime-4.3.6.jar (37 KB at 1255.1 KB/sec)
[INFO] Downloading: https://go4sapmaster.helion1.hpintelco.org:8444/oo/m2/artifacts/commons-validator/commons-validator/1.5.1/commons-validator-1.5.1.jar
[WARNING] Could not validate integrity of download from https://go4sapmaster.helion1.hpintelco.org:8444/oo/m2/artifacts/commons-io/commons-io/2.4/commons-io-2.4.jar: Checksum validation failed, no checksums available
[WARNING] Checksum validation failed, no checksums available for https://go4sapmaster.helion1.hpintelco.org:8444/oo/m2/artifacts/commons-io/commons-io/2.4/commons-io-2.4.jar
[INFO] Downloaded: https://go4sapmaster.helion1.hpintelco.org:8444/oo/m2/artifacts/commons-io/commons-io/2.4/commons-io-2.4.jar (181 KB at 3616.0 KB/sec)
[INFO] Downloading: https://go4sapmaster.helion1.hpintelco.org:8444/oo/m2/artifacts/commons-beanutils/commons-beanutils/1.9.2/commons-beanutils-1.9.2.jar
[WARNING] Could not validate integrity of download from https://go4sapmaster.helion1.hpintelco.org:8444/oo/m2/artifacts/javax/servlet/servlet-api/2.4/servlet-api-2.4.jar: Checksum validation failed, no checksums available
[WARNING] Checksum validation failed, no checksums available for https://go4sapmaster.helion1.hpintelco.org:8444/oo/m2/artifacts/javax/servlet/servlet-api/2.4/servlet-api-2.4.jar
[INFO] Downloaded: https://go4sapmaster.helion1.hpintelco.org:8444/oo/m2/artifacts/javax/servlet/servlet-api/2.4/servlet-api-2.4.jar (96 KB at 1590.1 KB/sec)
[INFO] Downloading: https://go4sapmaster.helion1.hpintelco.org:8444/oo/m2/artifacts/commons-collections/commons-collections/3.2.2/commons-collections-3.2.2.jar
[WARNING] Could not validate integrity of download from https://go4sapmaster.helion1.hpintelco.org:8444/oo/m2/artifacts/commons-validator/commons-validator/1.5.1/commons-validator-1.5.1.jar: Checksum validation failed, no checksums available
[WARNING] Checksum validation failed, no checksums available for https://go4sapmaster.helion1.hpintelco.org:8444/oo/m2/artifacts/commons-validator/commons-validator/1.5.1/commons-validator-1.5.1.jar
[INFO] Downloaded: https://go4sapmaster.helion1.hpintelco.org:8444/oo/m2/artifacts/commons-validator/commons-validator/1.5.1/commons-validator-1.5.1.jar (175 KB at 3883.8 KB/sec)
[INFO] Downloading: https://go4sapmaster.helion1.hpintelco.org:8444/oo/m2/artifacts/commons-digester/commons-digester/1.8.1/commons-digester-1.8.1.jar
[WARNING] Could not validate integrity of download from https://go4sapmaster.helion1.hpintelco.org:8444/oo/m2/artifacts/commons-codec/commons-codec/1.6/commons-codec-1.6.jar: Checksum validation failed, no checksums available
[WARNING] Checksum validation failed, no checksums available for https://go4sapmaster.helion1.hpintelco.org:8444/oo/m2/artifacts/commons-codec/commons-codec/1.6/commons-codec-1.6.jar
[INFO] Downloaded: https://go4sapmaster.helion1.hpintelco.org:8444/oo/m2/artifacts/commons-codec/commons-codec/1.6/commons-codec-1.6.jar (228 KB at 2319.5 KB/sec)
[INFO] Downloading: https://go4sapmaster.helion1.hpintelco.org:8444/oo/m2/artifacts/bouncycastle/bcprov-jdk16/140/bcprov-jdk16-140.jar
[WARNING] Could not validate integrity of download from https://go4sapmaster.helion1.hpintelco.org:8444/oo/m2/artifacts/commons-digester/commons-digester/1.8.1/commons-digester-1.8.1.jar: Checksum validation failed, no checksums available
[WARNING] Checksum validation failed, no checksums available for https://go4sapmaster.helion1.hpintelco.org:8444/oo/m2/artifacts/commons-digester/commons-digester/1.8.1/commons-digester-1.8.1.jar
[INFO] Downloaded: https://go4sapmaster.helion1.hpintelco.org:8444/oo/m2/artifacts/commons-digester/commons-digester/1.8.1/commons-digester-1.8.1.jar (143 KB at 1761.5 KB/sec)
[INFO] Downloading: https://go4sapmaster.helion1.hpintelco.org:8444/oo/m2/artifacts/io/cloudslang/content/cs-xml/0.0.9/cs-xml-0.0.9.jar
[WARNING] Could not validate integrity of download from https://go4sapmaster.helion1.hpintelco.org:8444/oo/m2/artifacts/jcifs/jcifs/1.3.17/jcifs-1.3.17.jar: Checksum validation failed, no checksums available
[WARNING] Checksum validation failed, no checksums available for https://go4sapmaster.helion1.hpintelco.org:8444/oo/m2/artifacts/jcifs/jcifs/1.3.17/jcifs-1.3.17.jar
[INFO] Downloaded: https://go4sapmaster.helion1.hpintelco.org:8444/oo/m2/artifacts/jcifs/jcifs/1.3.17/jcifs-1.3.17.jar (393 KB at 2502.0 KB/sec)
[INFO] Downloading: https://go4sapmaster.helion1.hpintelco.org:8444/oo/m2/artifacts/org/apache/commons/commons-io/1.3.2/commons-io-1.3.2.jar
[WARNING] Could not validate integrity of download from https://go4sapmaster.helion1.hpintelco.org:8444/oo/m2/artifacts/commons-beanutils/commons-beanutils/1.9.2/commons-beanutils-1.9.2.jar: Checksum validation failed, no checksums available
[WARNING] Checksum validation failed, no checksums available for https://go4sapmaster.helion1.hpintelco.org:8444/oo/m2/artifacts/commons-beanutils/commons-beanutils/1.9.2/commons-beanutils-1.9.2.jar
[INFO] Downloaded: https://go4sapmaster.helion1.hpintelco.org:8444/oo/m2/artifacts/commons-beanutils/commons-beanutils/1.9.2/commons-beanutils-1.9.2.jar (229 KB at 2076.2 KB/sec)
[INFO] Downloading: https://go4sapmaster.helion1.hpintelco.org:8444/oo/m2/artifacts/xerces/xercesImpl/2.8.0/xercesImpl-2.8.0.jar
[WARNING] Could not validate integrity of download from https://go4sapmaster.helion1.hpintelco.org:8444/oo/m2/artifacts/commons-collections/commons-collections/3.2.2/commons-collections-3.2.2.jar: Checksum validation failed, no checksums available
[WARNING] Checksum validation failed, no checksums available for https://go4sapmaster.helion1.hpintelco.org:8444/oo/m2/artifacts/commons-collections/commons-collections/3.2.2/commons-collections-3.2.2.jar
[INFO] Downloaded: https://go4sapmaster.helion1.hpintelco.org:8444/oo/m2/artifacts/commons-collections/commons-collections/3.2.2/commons-collections-3.2.2.jar (575 KB at 4869.0 KB/sec)
[INFO] Downloading: https://go4sapmaster.helion1.hpintelco.org:8444/oo/m2/artifacts/xml-apis/xml-apis/1.3.03/xml-apis-1.3.03.jar
[WARNING] Could not validate integrity of download from https://go4sapmaster.helion1.hpintelco.org:8444/oo/m2/artifacts/io/cloudslang/content/cs-xml/0.0.9/cs-xml-0.0.9.jar: Checksum validation failed, no checksums available
[WARNING] Checksum validation failed, no checksums available for https://go4sapmaster.helion1.hpintelco.org:8444/oo/m2/artifacts/io/cloudslang/content/cs-xml/0.0.9/cs-xml-0.0.9.jar
[INFO] Downloaded: https://go4sapmaster.helion1.hpintelco.org:8444/oo/m2/artifacts/io/cloudslang/content/cs-xml/0.0.9/cs-xml-0.0.9.jar (93 KB at 2432.7 KB/sec)
[INFO] Downloading: https://go4sapmaster.helion1.hpintelco.org:8444/oo/m2/artifacts/com/google/code/gson/gson/2.3/gson-2.3.jar
[WARNING] Could not validate integrity of download from https://go4sapmaster.helion1.hpintelco.org:8444/oo/m2/artifacts/org/apache/commons/commons-io/1.3.2/commons-io-1.3.2.jar: Checksum validation failed, no checksums available
[WARNING] Checksum validation failed, no checksums available for https://go4sapmaster.helion1.hpintelco.org:8444/oo/m2/artifacts/org/apache/commons/commons-io/1.3.2/commons-io-1.3.2.jar
[INFO] Downloaded: https://go4sapmaster.helion1.hpintelco.org:8444/oo/m2/artifacts/org/apache/commons/commons-io/1.3.2/commons-io-1.3.2.jar (86 KB at 2316.7 KB/sec)
[INFO] Downloading: https://go4sapmaster.helion1.hpintelco.org:8444/oo/m2/artifacts/javax/xml/parsers/jaxp-api/1.4.5/jaxp-api-1.4.5.jar
[WARNING] Could not validate integrity of download from https://go4sapmaster.helion1.hpintelco.org:8444/oo/m2/artifacts/bouncycastle/bcprov-jdk16/140/bcprov-jdk16-140.jar: Checksum validation failed, no checksums available
[WARNING] Checksum validation failed, no checksums available for https://go4sapmaster.helion1.hpintelco.org:8444/oo/m2/artifacts/bouncycastle/bcprov-jdk16/140/bcprov-jdk16-140.jar
[INFO] Downloaded: https://go4sapmaster.helion1.hpintelco.org:8444/oo/m2/artifacts/bouncycastle/bcprov-jdk16/140/bcprov-jdk16-140.jar (1614 KB at 9662.7 KB/sec)
[INFO] Downloading: https://go4sapmaster.helion1.hpintelco.org:8444/oo/m2/artifacts/org/jdom/jdom/2.0.2/jdom-2.0.2.jar
[WARNING] Could not validate integrity of download from https://go4sapmaster.helion1.hpintelco.org:8444/oo/m2/artifacts/xml-apis/xml-apis/1.3.03/xml-apis-1.3.03.jar: Checksum validation failed, no checksums available
[WARNING] Checksum validation failed, no checksums available for https://go4sapmaster.helion1.hpintelco.org:8444/oo/m2/artifacts/xml-apis/xml-apis/1.3.03/xml-apis-1.3.03.jar
[INFO] Downloaded: https://go4sapmaster.helion1.hpintelco.org:8444/oo/m2/artifacts/xml-apis/xml-apis/1.3.03/xml-apis-1.3.03.jar (191 KB at 2241.7 KB/sec)
[WARNING] Could not validate integrity of download from https://go4sapmaster.helion1.hpintelco.org:8444/oo/m2/artifacts/com/google/code/gson/gson/2.3/gson-2.3.jar: Checksum validation failed, no checksums available
[WARNING] Checksum validation failed, no checksums available for https://go4sapmaster.helion1.hpintelco.org:8444/oo/m2/artifacts/com/google/code/gson/gson/2.3/gson-2.3.jar
[INFO] Downloaded: https://go4sapmaster.helion1.hpintelco.org:8444/oo/m2/artifacts/com/google/code/gson/gson/2.3/gson-2.3.jar (203 KB at 2658.0 KB/sec)
[WARNING] Could not validate integrity of download from https://go4sapmaster.helion1.hpintelco.org:8444/oo/m2/artifacts/javax/xml/parsers/jaxp-api/1.4.5/jaxp-api-1.4.5.jar: Checksum validation failed, no checksums available
[WARNING] Checksum validation failed, no checksums available for https://go4sapmaster.helion1.hpintelco.org:8444/oo/m2/artifacts/javax/xml/parsers/jaxp-api/1.4.5/jaxp-api-1.4.5.jar
[INFO] Downloaded: https://go4sapmaster.helion1.hpintelco.org:8444/oo/m2/artifacts/javax/xml/parsers/jaxp-api/1.4.5/jaxp-api-1.4.5.jar (215 KB at 2528.5 KB/sec)
[WARNING] Could not validate integrity of download from https://go4sapmaster.helion1.hpintelco.org:8444/oo/m2/artifacts/xerces/xercesImpl/2.8.0/xercesImpl-2.8.0.jar: Checksum validation failed, no checksums available
[WARNING] Checksum validation failed, no checksums available for https://go4sapmaster.helion1.hpintelco.org:8444/oo/m2/artifacts/xerces/xercesImpl/2.8.0/xercesImpl-2.8.0.jar
[INFO] Downloaded: https://go4sapmaster.helion1.hpintelco.org:8444/oo/m2/artifacts/xerces/xercesImpl/2.8.0/xercesImpl-2.8.0.jar (1179 KB at 9355.4 KB/sec)
[WARNING] Could not validate integrity of download from https://go4sapmaster.helion1.hpintelco.org:8444/oo/m2/artifacts/org/jdom/jdom/2.0.2/jdom-2.0.2.jar: Checksum validation failed, no checksums available
[WARNING] Checksum validation failed, no checksums available for https://go4sapmaster.helion1.hpintelco.org:8444/oo/m2/artifacts/org/jdom/jdom/2.0.2/jdom-2.0.2.jar
[INFO] Downloaded: https://go4sapmaster.helion1.hpintelco.org:8444/oo/m2/artifacts/org/jdom/jdom/2.0.2/jdom-2.0.2.jar (289 KB at 7034.9 KB/sec)
[INFO] ------------------------------------------------------------------------
[INFO] BUILD SUCCESS
[INFO] ------------------------------------------------------------------------
[INFO] Total time: 2.898 s
[INFO] Finished at: 2018-03-05T20:12:59+00:00
[INFO] Final Memory: 1473M/3571M
[INFO] ------------------------------------------------------------------------
